c:\users\marc\desktop\marc\uni\4o\amep\amep_db\amep_db\x64\debug\amep_db.pch
c:\users\marc\desktop\marc\uni\4o\amep\amep_db\amep_db\x64\debug\vc143.pdb
c:\users\marc\desktop\marc\uni\4o\amep\amep_db\amep_db\x64\debug\pch.obj
c:\users\marc\desktop\marc\uni\4o\amep\amep_db\amep_db\x64\debug\myform11.obj
c:\users\marc\desktop\marc\uni\4o\amep\amep_db\amep_db\x64\debug\myform1.obj
c:\users\marc\desktop\marc\uni\4o\amep\amep_db\amep_db\x64\debug\form1.obj
c:\users\marc\desktop\marc\uni\4o\amep\amep_db\amep_db\x64\debug\cppclr_winformsproject.obj
c:\users\marc\desktop\marc\uni\4o\amep\amep_db\amep_db\x64\debug\assemblyinfo.obj
c:\users\marc\desktop\marc\uni\4o\amep\amep_db\amep_db\x64\debug\.netframework,version=v4.7.2.assemblyattributes.obj
c:\users\marc\desktop\marc\uni\4o\amep\amep_db\x64\debug\mysql.data.dll
c:\users\marc\desktop\marc\uni\4o\amep\amep_db\x64\debug\system.memory.dll
c:\users\marc\desktop\marc\uni\4o\amep\amep_db\x64\debug\system.threading.tasks.extensions.dll
c:\users\marc\desktop\marc\uni\4o\amep\amep_db\x64\debug\system.numerics.vectors.dll
c:\users\marc\desktop\marc\uni\4o\amep\amep_db\x64\debug\system.buffers.dll
c:\users\marc\desktop\marc\uni\4o\amep\amep_db\x64\debug\mysql.data.xml
c:\users\marc\desktop\marc\uni\4o\amep\amep_db\x64\debug\amep_db.exe
c:\users\marc\desktop\marc\uni\4o\amep\amep_db\x64\debug\amep_db.pdb
c:\users\marc\desktop\marc\uni\4o\amep\amep_db\amep_db\x64\debug\app.res
c:\users\marc\desktop\marc\uni\4o\amep\amep_db\amep_db\x64\debug\amep_db.tlog\cl.command.1.tlog
c:\users\marc\desktop\marc\uni\4o\amep\amep_db\amep_db\x64\debug\amep_db.tlog\cl.items.tlog
c:\users\marc\desktop\marc\uni\4o\amep\amep_db\amep_db\x64\debug\amep_db.tlog\cl.read.1.tlog
c:\users\marc\desktop\marc\uni\4o\amep\amep_db\amep_db\x64\debug\amep_db.tlog\cl.write.1.tlog
c:\users\marc\desktop\marc\uni\4o\amep\amep_db\amep_db\x64\debug\amep_db.tlog\copylocal.read.1u.tlog
c:\users\marc\desktop\marc\uni\4o\amep\amep_db\amep_db\x64\debug\amep_db.tlog\copylocal.write.1u.tlog
c:\users\marc\desktop\marc\uni\4o\amep\amep_db\amep_db\x64\debug\amep_db.tlog\link.command.1.tlog
c:\users\marc\desktop\marc\uni\4o\amep\amep_db\amep_db\x64\debug\amep_db.tlog\link.read.1.tlog
c:\users\marc\desktop\marc\uni\4o\amep\amep_db\amep_db\x64\debug\amep_db.tlog\link.secondary.1.tlog
c:\users\marc\desktop\marc\uni\4o\amep\amep_db\amep_db\x64\debug\amep_db.tlog\link.write.1.tlog
c:\users\marc\desktop\marc\uni\4o\amep\amep_db\amep_db\x64\debug\amep_db.tlog\metagen.read.1.tlog
c:\users\marc\desktop\marc\uni\4o\amep\amep_db\amep_db\x64\debug\amep_db.tlog\metagen.write.1.tlog
c:\users\marc\desktop\marc\uni\4o\amep\amep_db\amep_db\x64\debug\amep_db.tlog\rc.command.1.tlog
c:\users\marc\desktop\marc\uni\4o\amep\amep_db\amep_db\x64\debug\amep_db.tlog\rc.read.1.tlog
c:\users\marc\desktop\marc\uni\4o\amep\amep_db\amep_db\x64\debug\amep_db.tlog\rc.write.1.tlog
c:\users\marc\desktop\marc\uni\4o\amep\amep_db\amep_db\x64\debug\amep_db.tlog\resgen.command.1.tlog
c:\users\marc\desktop\marc\uni\4o\amep\amep_db\amep_db\x64\debug\amep_db.tlog\resgen.read.1.tlog
c:\users\marc\desktop\marc\uni\4o\amep\amep_db\amep_db\x64\debug\amep_db.tlog\resgen.write.1.tlog
